<?xml version="1.0" encoding="UTF-8"?>
<!-- Generated by org.testng.reporters.JUnitReportReporter -->
<testsuite hostname="LAPTOP-SS1A5J3T" failures="0" tests="1" name="com.qa.testcases.LoginTestCase" time="4.924" errors="0" timestamp="2022-04-30T23:38:37 IST" skipped="0">
  <testcase classname="com.qa.testcases.LoginTestCase" name="loginTc01" time="4.924"/>
  <system-out/>
</testsuite> <!-- com.qa.testcases.LoginTestCase -->
