<?xml version="1.0" encoding="UTF-8"?>
<!-- Generated by org.testng.reporters.JUnitReportReporter -->
<testsuite hostname="LAPTOP-SS1A5J3T" failures="0" tests="2" name="com.qa.testcases.LoginFailTestCases" time="3.018" errors="0" timestamp="2022-04-30T23:37:35 IST" skipped="0">
  <testcase classname="com.qa.testcases.LoginFailTestCases" name="loginTc02" time="1.412"/>
  <system-out/>
  <testcase classname="com.qa.testcases.LoginFailTestCases" name="loginTc02" time="1.606"/>
  <system-out/>
</testsuite> <!-- com.qa.testcases.LoginFailTestCases -->
